[28-Mar-2019 15:37:29 UTC] PHP Fatal error:  Uncaught exception 'PDOException' with message 'SQLSTATE[3D000]: Invalid catalog name: 1046 No database selected' in /home/ubuntu/workspace/cst336/Labs/lab6/api/getCategories.php:9
Stack trace:
#0 /home/ubuntu/workspace/cst336/Labs/lab6/api/getCategories.php(9): PDOStatement->execute()
#1 {main}
  thrown in /home/ubuntu/workspace/cst336/Labs/lab6/api/getCategories.php on line 9
[28-Mar-2019 15:45:04 UTC] PHP Fatal error:  Uncaught exception 'PDOException' with message 'SQLSTATE[3D000]: Invalid catalog name: 1046 No database selected' in /home/ubuntu/workspace/cst336/Labs/lab6/api/getCategories.php:9
Stack trace:
#0 /home/ubuntu/workspace/cst336/Labs/lab6/api/getCategories.php(9): PDOStatement->execute()
#1 {main}
  thrown in /home/ubuntu/workspace/cst336/Labs/lab6/api/getCategories.php on line 9
[28-Mar-2019 15:46:28 UTC] PHP Warning:  include(../../inc/dbConnection.php): failed to open stream: No such file or directory in /home/ubuntu/workspace/cst336/Labs/lab6/api/getCategories.php on line 2
[28-Mar-2019 15:46:28 UTC] PHP Stack trace:
[28-Mar-2019 15:46:28 UTC] PHP   1. {main}() /home/ubuntu/workspace/cst336/Labs/lab6/api/getCategories.php:0
[28-Mar-2019 15:46:28 UTC] PHP Warning:  include(): Failed opening '../../inc/dbConnection.php' for inclusion (include_path='.:/usr/share/php:/usr/share/pear') in /home/ubuntu/workspace/cst336/Labs/lab6/api/getCategories.php on line 2
[28-Mar-2019 15:46:28 UTC] PHP Stack trace:
[28-Mar-2019 15:46:28 UTC] PHP   1. {main}() /home/ubuntu/workspace/cst336/Labs/lab6/api/getCategories.php:0
[28-Mar-2019 15:46:28 UTC] PHP Fatal error:  Call to undefined function getDatabaseConnection() in /home/ubuntu/workspace/cst336/Labs/lab6/api/getCategories.php on line 4
[28-Mar-2019 15:46:28 UTC] PHP Stack trace:
[28-Mar-2019 15:46:28 UTC] PHP   1. {main}() /home/ubuntu/workspace/cst336/Labs/lab6/api/getCategories.php:0
[28-Mar-2019 15:50:26 UTC] PHP Fatal error:  Uncaught exception 'PDOException' with message 'SQLSTATE[42S22]: Column not found: 1054 Unknown column 'productPrice' in 'order clause'' in /home/ubuntu/workspace/cst336/Labs/lab6/api/getProducts.php:16
Stack trace:
#0 /home/ubuntu/workspace/cst336/Labs/lab6/api/getProducts.php(16): PDOStatement->execute()
#1 {main}
  thrown in /home/ubuntu/workspace/cst336/Labs/lab6/api/getProducts.php on line 16
[28-Mar-2019 15:50:26 UTC] PHP Fatal error:  Uncaught exception 'PDOException' with message 'SQLSTATE[3D000]: Invalid catalog name: 1046 No database selected' in /home/ubuntu/workspace/cst336/Labs/lab6/api/getCategories.php:9
Stack trace:
#0 /home/ubuntu/workspace/cst336/Labs/lab6/api/getCategories.php(9): PDOStatement->execute()
#1 {main}
  thrown in /home/ubuntu/workspace/cst336/Labs/lab6/api/getCategories.php on line 9
[28-Mar-2019 15:50:59 UTC] PHP Fatal error:  Uncaught exception 'PDOException' with message 'SQLSTATE[3D000]: Invalid catalog name: 1046 No database selected' in /home/ubuntu/workspace/cst336/Labs/lab6/api/getCategories.php:9
Stack trace:
#0 /home/ubuntu/workspace/cst336/Labs/lab6/api/getCategories.php(9): PDOStatement->execute()
#1 {main}
  thrown in /home/ubuntu/workspace/cst336/Labs/lab6/api/getCategories.php on line 9
[28-Mar-2019 15:50:59 UTC] PHP Fatal error:  Uncaught exception 'PDOException' with message 'SQLSTATE[42S22]: Column not found: 1054 Unknown column 'productPrice' in 'order clause'' in /home/ubuntu/workspace/cst336/Labs/lab6/api/getProducts.php:16
Stack trace:
#0 /home/ubuntu/workspace/cst336/Labs/lab6/api/getProducts.php(16): PDOStatement->execute()
#1 {main}
  thrown in /home/ubuntu/workspace/cst336/Labs/lab6/api/getProducts.php on line 16
[28-Mar-2019 15:51:59 UTC] PHP Fatal error:  Uncaught exception 'PDOException' with message 'SQLSTATE[3D000]: Invalid catalog name: 1046 No database selected' in /home/ubuntu/workspace/cst336/Labs/lab6/api/getCategories.php:9
Stack trace:
#0 /home/ubuntu/workspace/cst336/Labs/lab6/api/getCategories.php(9): PDOStatement->execute()
#1 {main}
  thrown in /home/ubuntu/workspace/cst336/Labs/lab6/api/getCategories.php on line 9
[28-Mar-2019 15:51:59 UTC] PHP Fatal error:  Uncaught exception 'PDOException' with message 'SQLSTATE[42S22]: Column not found: 1054 Unknown column 'productPrice' in 'order clause'' in /home/ubuntu/workspace/cst336/Labs/lab6/api/getProducts.php:16
Stack trace:
#0 /home/ubuntu/workspace/cst336/Labs/lab6/api/getProducts.php(16): PDOStatement->execute()
#1 {main}
  thrown in /home/ubuntu/workspace/cst336/Labs/lab6/api/getProducts.php on line 16
[28-Mar-2019 15:55:02 UTC] PHP Fatal error:  Uncaught exception 'PDOException' with message 'SQLSTATE[3D000]: Invalid catalog name: 1046 No database selected' in /home/ubuntu/workspace/cst336/Labs/lab6/api/getCategories.php:9
Stack trace:
#0 /home/ubuntu/workspace/cst336/Labs/lab6/api/getCategories.php(9): PDOStatement->execute()
#1 {main}
  thrown in /home/ubuntu/workspace/cst336/Labs/lab6/api/getCategories.php on line 9
[28-Mar-2019 15:55:02 UTC] PHP Fatal error:  Uncaught exception 'PDOException' with message 'SQLSTATE[42S22]: Column not found: 1054 Unknown column 'productPrice' in 'order clause'' in /home/ubuntu/workspace/cst336/Labs/lab6/api/getProducts.php:16
Stack trace:
#0 /home/ubuntu/workspace/cst336/Labs/lab6/api/getProducts.php(16): PDOStatement->execute()
#1 {main}
  thrown in /home/ubuntu/workspace/cst336/Labs/lab6/api/getProducts.php on line 16
[28-Mar-2019 15:58:00 UTC] PHP Parse error:  syntax error, unexpected 'function' (T_FUNCTION) in /home/ubuntu/workspace/cst336/inc/dbConnection.php on line 5
[28-Mar-2019 15:58:00 UTC] PHP Stack trace:
[28-Mar-2019 15:58:00 UTC] PHP   1. {main}() /home/ubuntu/workspace/cst336/Labs/lab6/api/getCategories.php:0
[28-Mar-2019 15:58:00 UTC] PHP Fatal error:  Uncaught exception 'PDOException' with message 'SQLSTATE[42S22]: Column not found: 1054 Unknown column 'productPrice' in 'order clause'' in /home/ubuntu/workspace/cst336/Labs/lab6/api/getProducts.php:16
Stack trace:
#0 /home/ubuntu/workspace/cst336/Labs/lab6/api/getProducts.php(16): PDOStatement->execute()
#1 {main}
  thrown in /home/ubuntu/workspace/cst336/Labs/lab6/api/getProducts.php on line 16
[28-Mar-2019 15:59:26 UTC] PHP Fatal error:  Uncaught exception 'PDOException' with message 'SQLSTATE[42S22]: Column not found: 1054 Unknown column 'productPrice' in 'order clause'' in /home/ubuntu/workspace/cst336/Labs/lab6/api/getProducts.php:16
Stack trace:
#0 /home/ubuntu/workspace/cst336/Labs/lab6/api/getProducts.php(16): PDOStatement->execute()
#1 {main}
  thrown in /home/ubuntu/workspace/cst336/Labs/lab6/api/getProducts.php on line 16
[28-Mar-2019 16:01:31 UTC] PHP Fatal error:  Uncaught exception 'PDOException' with message 'SQLSTATE[42S22]: Column not found: 1054 Unknown column 'productPrice' in 'order clause'' in /home/ubuntu/workspace/cst336/Labs/lab6/api/getProducts.php:16
Stack trace:
#0 /home/ubuntu/workspace/cst336/Labs/lab6/api/getProducts.php(16): PDOStatement->execute()
#1 {main}
  thrown in /home/ubuntu/workspace/cst336/Labs/lab6/api/getProducts.php on line 16
[10-Apr-2019 16:51:24 UTC] PHP Fatal error:  Uncaught exception 'PDOException' with message 'SQLSTATE[42S22]: Column not found: 1054 Unknown column 'productPrice' in 'order clause'' in /home/ubuntu/workspace/cst336/Labs/lab6/api/getProducts.php:16
Stack trace:
#0 /home/ubuntu/workspace/cst336/Labs/lab6/api/getProducts.php(16): PDOStatement->execute()
#1 {main}
  thrown in /home/ubuntu/workspace/cst336/Labs/lab6/api/getProducts.php on line 16
[10-Apr-2019 16:57:21 UTC] PHP Fatal error:  Uncaught exception 'PDOException' with message 'SQLSTATE[42S22]: Column not found: 1054 Unknown column 'productPrice' in 'order clause'' in /home/ubuntu/workspace/cst336/Labs/lab6/api/getProducts.php:16
Stack trace:
#0 /home/ubuntu/workspace/cst336/Labs/lab6/api/getProducts.php(16): PDOStatement->execute()
#1 {main}
  thrown in /home/ubuntu/workspace/cst336/Labs/lab6/api/getProducts.php on line 16
[10-Apr-2019 16:57:23 UTC] PHP Warning:  include(../../../dbConnection.php): failed to open stream: No such file or directory in /home/ubuntu/workspace/cst336/Labs/lab6/api/getCategories.php on line 2
[10-Apr-2019 16:57:23 UTC] PHP Stack trace:
[10-Apr-2019 16:57:23 UTC] PHP   1. {main}() /home/ubuntu/workspace/cst336/Labs/lab6/api/getCategories.php:0
[10-Apr-2019 16:57:23 UTC] PHP Warning:  include(): Failed opening '../../../dbConnection.php' for inclusion (include_path='.:/usr/share/php:/usr/share/pear') in /home/ubuntu/workspace/cst336/Labs/lab6/api/getCategories.php on line 2
[10-Apr-2019 16:57:23 UTC] PHP Stack trace:
[10-Apr-2019 16:57:23 UTC] PHP   1. {main}() /home/ubuntu/workspace/cst336/Labs/lab6/api/getCategories.php:0
[10-Apr-2019 16:57:23 UTC] PHP Fatal error:  Call to undefined function getDatabaseConnection() in /home/ubuntu/workspace/cst336/Labs/lab6/api/getCategories.php on line 4
[10-Apr-2019 16:57:23 UTC] PHP Stack trace:
[10-Apr-2019 16:57:23 UTC] PHP   1. {main}() /home/ubuntu/workspace/cst336/Labs/lab6/api/getCategories.php:0
[10-Apr-2019 17:03:28 UTC] PHP Fatal error:  Uncaught exception 'PDOException' with message 'SQLSTATE[42S22]: Column not found: 1054 Unknown column 'productPrice' in 'order clause'' in /home/ubuntu/workspace/cst336/Labs/lab6/api/getProducts.php:16
Stack trace:
#0 /home/ubuntu/workspace/cst336/Labs/lab6/api/getProducts.php(16): PDOStatement->execute()
#1 {main}
  thrown in /home/ubuntu/workspace/cst336/Labs/lab6/api/getProducts.php on line 16
[10-Apr-2019 17:09:38 UTC] PHP Fatal error:  Uncaught exception 'PDOException' with message 'SQLSTATE[42S22]: Column not found: 1054 Unknown column 'productPrice' in 'order clause'' in /home/ubuntu/workspace/cst336/Labs/lab6/api/getProducts.php:16
Stack trace:
#0 /home/ubuntu/workspace/cst336/Labs/lab6/api/getProducts.php(16): PDOStatement->execute()
#1 {main}
  thrown in /home/ubuntu/workspace/cst336/Labs/lab6/api/getProducts.php on line 16
[10-Apr-2019 17:13:34 UTC] PHP Fatal error:  Uncaught exception 'PDOException' with message 'SQLSTATE[42S22]: Column not found: 1054 Unknown column 'productPrice' in 'order clause'' in /home/ubuntu/workspace/cst336/Labs/lab6/api/getProducts.php:16
Stack trace:
#0 /home/ubuntu/workspace/cst336/Labs/lab6/api/getProducts.php(16): PDOStatement->execute()
#1 {main}
  thrown in /home/ubuntu/workspace/cst336/Labs/lab6/api/getProducts.php on line 16
[11-Apr-2019 23:17:57 UTC] PHP Warning:  include(../../../dbConnection.php): failed to open stream: No such file or directory in /home/ubuntu/workspace/cst336/Labs/lab6/api/getCategories.php on line 2
[11-Apr-2019 23:17:57 UTC] PHP Stack trace:
[11-Apr-2019 23:17:57 UTC] PHP   1. {main}() /home/ubuntu/workspace/cst336/Labs/lab6/api/getCategories.php:0
[11-Apr-2019 23:17:57 UTC] PHP Warning:  include(): Failed opening '../../../dbConnection.php' for inclusion (include_path='.:/usr/share/php:/usr/share/pear') in /home/ubuntu/workspace/cst336/Labs/lab6/api/getCategories.php on line 2
[11-Apr-2019 23:17:57 UTC] PHP Stack trace:
[11-Apr-2019 23:17:57 UTC] PHP   1. {main}() /home/ubuntu/workspace/cst336/Labs/lab6/api/getCategories.php:0
[11-Apr-2019 23:17:57 UTC] PHP Fatal error:  Call to undefined function getDatabaseConnection() in /home/ubuntu/workspace/cst336/Labs/lab6/api/getCategories.php on line 4
[11-Apr-2019 23:17:57 UTC] PHP Stack trace:
[11-Apr-2019 23:17:57 UTC] PHP   1. {main}() /home/ubuntu/workspace/cst336/Labs/lab6/api/getCategories.php:0
[11-Apr-2019 23:37:25 UTC] PHP Warning:  include(../../../dbConnection.php): failed to open stream: No such file or directory in /home/ubuntu/workspace/cst336/Labs/lab6/api/getCategories.php on line 2
[11-Apr-2019 23:37:25 UTC] PHP Stack trace:
[11-Apr-2019 23:37:25 UTC] PHP   1. {main}() /home/ubuntu/workspace/cst336/Labs/lab6/api/getCategories.php:0
[11-Apr-2019 23:37:25 UTC] PHP Warning:  include(): Failed opening '../../../dbConnection.php' for inclusion (include_path='.:/usr/share/php:/usr/share/pear') in /home/ubuntu/workspace/cst336/Labs/lab6/api/getCategories.php on line 2
[11-Apr-2019 23:37:25 UTC] PHP Stack trace:
[11-Apr-2019 23:37:25 UTC] PHP   1. {main}() /home/ubuntu/workspace/cst336/Labs/lab6/api/getCategories.php:0
[11-Apr-2019 23:37:25 UTC] PHP Fatal error:  Call to undefined function getDatabaseConnection() in /home/ubuntu/workspace/cst336/Labs/lab6/api/getCategories.php on line 4
[11-Apr-2019 23:37:25 UTC] PHP Stack trace:
[11-Apr-2019 23:37:25 UTC] PHP   1. {main}() /home/ubuntu/workspace/cst336/Labs/lab6/api/getCategories.php:0
[11-Apr-2019 23:38:14 UTC] PHP Warning:  include(../../../dbConnection.php): failed to open stream: No such file or directory in /home/ubuntu/workspace/cst336/Labs/lab6/api/getCategories.php on line 2
[11-Apr-2019 23:38:14 UTC] PHP Stack trace:
[11-Apr-2019 23:38:14 UTC] PHP   1. {main}() /home/ubuntu/workspace/cst336/Labs/lab6/api/getCategories.php:0
[11-Apr-2019 23:38:14 UTC] PHP Warning:  include(): Failed opening '../../../dbConnection.php' for inclusion (include_path='.:/usr/share/php:/usr/share/pear') in /home/ubuntu/workspace/cst336/Labs/lab6/api/getCategories.php on line 2
[11-Apr-2019 23:38:14 UTC] PHP Stack trace:
[11-Apr-2019 23:38:14 UTC] PHP   1. {main}() /home/ubuntu/workspace/cst336/Labs/lab6/api/getCategories.php:0
[11-Apr-2019 23:38:14 UTC] PHP Fatal error:  Call to undefined function getDatabaseConnection() in /home/ubuntu/workspace/cst336/Labs/lab6/api/getCategories.php on line 4
[11-Apr-2019 23:38:14 UTC] PHP Stack trace:
[11-Apr-2019 23:38:14 UTC] PHP   1. {main}() /home/ubuntu/workspace/cst336/Labs/lab6/api/getCategories.php:0
[13-Apr-2019 19:26:12 UTC] PHP Warning:  include(../../../dbConnection.php): failed to open stream: No such file or directory in /home/ubuntu/workspace/cst336/Labs/lab6/api/getCategories.php on line 2
[13-Apr-2019 19:26:12 UTC] PHP Stack trace:
[13-Apr-2019 19:26:12 UTC] PHP   1. {main}() /home/ubuntu/workspace/cst336/Labs/lab6/api/getCategories.php:0
[13-Apr-2019 19:26:12 UTC] PHP Warning:  include(): Failed opening '../../../dbConnection.php' for inclusion (include_path='.:/usr/share/php:/usr/share/pear') in /home/ubuntu/workspace/cst336/Labs/lab6/api/getCategories.php on line 2
[13-Apr-2019 19:26:12 UTC] PHP Stack trace:
[13-Apr-2019 19:26:12 UTC] PHP   1. {main}() /home/ubuntu/workspace/cst336/Labs/lab6/api/getCategories.php:0
[13-Apr-2019 19:26:12 UTC] PHP Fatal error:  Call to undefined function getDatabaseConnection() in /home/ubuntu/workspace/cst336/Labs/lab6/api/getCategories.php on line 4
[13-Apr-2019 19:26:12 UTC] PHP Stack trace:
[13-Apr-2019 19:26:12 UTC] PHP   1. {main}() /home/ubuntu/workspace/cst336/Labs/lab6/api/getCategories.php:0
[13-Apr-2019 19:27:55 UTC] PHP Warning:  include(../../../dbConnection_heroku.php): failed to open stream: No such file or directory in /home/ubuntu/workspace/cst336/Labs/lab6/api/getCategories.php on line 2
[13-Apr-2019 19:27:55 UTC] PHP Stack trace:
[13-Apr-2019 19:27:55 UTC] PHP   1. {main}() /home/ubuntu/workspace/cst336/Labs/lab6/api/getCategories.php:0
[13-Apr-2019 19:27:55 UTC] PHP Warning:  include(): Failed opening '../../../dbConnection_heroku.php' for inclusion (include_path='.:/usr/share/php:/usr/share/pear') in /home/ubuntu/workspace/cst336/Labs/lab6/api/getCategories.php on line 2
[13-Apr-2019 19:27:55 UTC] PHP Stack trace:
[13-Apr-2019 19:27:55 UTC] PHP   1. {main}() /home/ubuntu/workspace/cst336/Labs/lab6/api/getCategories.php:0
[13-Apr-2019 19:27:55 UTC] PHP Fatal error:  Call to undefined function getDatabaseConnection() in /home/ubuntu/workspace/cst336/Labs/lab6/api/getCategories.php on line 4
[13-Apr-2019 19:27:55 UTC] PHP Stack trace:
[13-Apr-2019 19:27:55 UTC] PHP   1. {main}() /home/ubuntu/workspace/cst336/Labs/lab6/api/getCategories.php:0
[13-Apr-2019 19:28:36 UTC] PHP Warning:  include(../../../dbConnection_heroku.php): failed to open stream: No such file or directory in /home/ubuntu/workspace/cst336/Labs/lab6/api/getCategories.php on line 2
[13-Apr-2019 19:28:36 UTC] PHP Stack trace:
[13-Apr-2019 19:28:36 UTC] PHP   1. {main}() /home/ubuntu/workspace/cst336/Labs/lab6/api/getCategories.php:0
[13-Apr-2019 19:28:36 UTC] PHP Warning:  include(): Failed opening '../../../dbConnection_heroku.php' for inclusion (include_path='.:/usr/share/php:/usr/share/pear') in /home/ubuntu/workspace/cst336/Labs/lab6/api/getCategories.php on line 2
[13-Apr-2019 19:28:36 UTC] PHP Stack trace:
[13-Apr-2019 19:28:36 UTC] PHP   1. {main}() /home/ubuntu/workspace/cst336/Labs/lab6/api/getCategories.php:0
[13-Apr-2019 19:28:36 UTC] PHP Fatal error:  Call to undefined function getDatabaseConnection() in /home/ubuntu/workspace/cst336/Labs/lab6/api/getCategories.php on line 4
[13-Apr-2019 19:28:36 UTC] PHP Stack trace:
[13-Apr-2019 19:28:36 UTC] PHP   1. {main}() /home/ubuntu/workspace/cst336/Labs/lab6/api/getCategories.php:0
[13-Apr-2019 19:28:45 UTC] PHP Warning:  include(../../../dbConnection_heroku.php): failed to open stream: No such file or directory in /home/ubuntu/workspace/cst336/Labs/lab6/api/getCategories.php on line 2
[13-Apr-2019 19:28:45 UTC] PHP Stack trace:
[13-Apr-2019 19:28:45 UTC] PHP   1. {main}() /home/ubuntu/workspace/cst336/Labs/lab6/api/getCategories.php:0
[13-Apr-2019 19:28:45 UTC] PHP Warning:  include(): Failed opening '../../../dbConnection_heroku.php' for inclusion (include_path='.:/usr/share/php:/usr/share/pear') in /home/ubuntu/workspace/cst336/Labs/lab6/api/getCategories.php on line 2
[13-Apr-2019 19:28:45 UTC] PHP Stack trace:
[13-Apr-2019 19:28:45 UTC] PHP   1. {main}() /home/ubuntu/workspace/cst336/Labs/lab6/api/getCategories.php:0
[13-Apr-2019 19:28:45 UTC] PHP Fatal error:  Call to undefined function getDatabaseConnection() in /home/ubuntu/workspace/cst336/Labs/lab6/api/getCategories.php on line 4
[13-Apr-2019 19:28:45 UTC] PHP Stack trace:
[13-Apr-2019 19:28:45 UTC] PHP   1. {main}() /home/ubuntu/workspace/cst336/Labs/lab6/api/getCategories.php:0
[13-Apr-2019 19:31:06 UTC] PHP Warning:  include(../../../dbConnection_heroku.php): failed to open stream: No such file or directory in /home/ubuntu/workspace/cst336/Labs/lab6/api/getCategories.php on line 2
[13-Apr-2019 19:31:06 UTC] PHP Stack trace:
[13-Apr-2019 19:31:06 UTC] PHP   1. {main}() /home/ubuntu/workspace/cst336/Labs/lab6/api/getCategories.php:0
[13-Apr-2019 19:31:06 UTC] PHP Warning:  include(): Failed opening '../../../dbConnection_heroku.php' for inclusion (include_path='.:/usr/share/php:/usr/share/pear') in /home/ubuntu/workspace/cst336/Labs/lab6/api/getCategories.php on line 2
[13-Apr-2019 19:31:06 UTC] PHP Stack trace:
[13-Apr-2019 19:31:06 UTC] PHP   1. {main}() /home/ubuntu/workspace/cst336/Labs/lab6/api/getCategories.php:0
[13-Apr-2019 19:31:06 UTC] PHP Fatal error:  Call to undefined function getDatabaseConnection() in /home/ubuntu/workspace/cst336/Labs/lab6/api/getCategories.php on line 4
[13-Apr-2019 19:31:06 UTC] PHP Stack trace:
[13-Apr-2019 19:31:06 UTC] PHP   1. {main}() /home/ubuntu/workspace/cst336/Labs/lab6/api/getCategories.php:0
[13-Apr-2019 19:31:52 UTC] PHP Warning:  include(../../../dbConnection_heroku.php): failed to open stream: No such file or directory in /home/ubuntu/workspace/cst336/Labs/lab6/api/getCategories.php on line 2
[13-Apr-2019 19:31:52 UTC] PHP Stack trace:
[13-Apr-2019 19:31:52 UTC] PHP   1. {main}() /home/ubuntu/workspace/cst336/Labs/lab6/api/getCategories.php:0
[13-Apr-2019 19:31:52 UTC] PHP Warning:  include(): Failed opening '../../../dbConnection_heroku.php' for inclusion (include_path='.:/usr/share/php:/usr/share/pear') in /home/ubuntu/workspace/cst336/Labs/lab6/api/getCategories.php on line 2
[13-Apr-2019 19:31:52 UTC] PHP Stack trace:
[13-Apr-2019 19:31:52 UTC] PHP   1. {main}() /home/ubuntu/workspace/cst336/Labs/lab6/api/getCategories.php:0
[13-Apr-2019 19:31:52 UTC] PHP Fatal error:  Call to undefined function getDatabaseConnection() in /home/ubuntu/workspace/cst336/Labs/lab6/api/getCategories.php on line 4
[13-Apr-2019 19:31:52 UTC] PHP Stack trace:
[13-Apr-2019 19:31:52 UTC] PHP   1. {main}() /home/ubuntu/workspace/cst336/Labs/lab6/api/getCategories.php:0
