[22-Apr-2019 23:28:53 UTC] PHP Parse error:  syntax error, unexpected ')', expecting ']' in /home/ubuntu/workspace/cst336/homework/hw4/api/pokeProxy.php on line 28
[22-Apr-2019 23:29:16 UTC] PHP Parse error:  syntax error, unexpected ';' in /home/ubuntu/workspace/cst336/homework/hw4/api/pokeProxy.php on line 28
[22-Apr-2019 23:29:46 UTC] PHP Parse error:  syntax error, unexpected '?>' in /home/ubuntu/workspace/cst336/homework/hw4/api/pokeProxy.php on line 44
[22-Apr-2019 23:40:12 UTC] PHP Warning:  Illegal string offset 'types' in /home/ubuntu/workspace/cst336/homework/hw4/api/pokeProxy.php on line 24
[22-Apr-2019 23:40:12 UTC] PHP Stack trace:
[22-Apr-2019 23:40:12 UTC] PHP   1. {main}() /home/ubuntu/workspace/cst336/homework/hw4/api/pokeProxy.php:0
[22-Apr-2019 23:41:35 UTC] PHP Warning:  Illegal string offset 'name' in /home/ubuntu/workspace/cst336/homework/hw4/api/pokeProxy.php on line 24
[22-Apr-2019 23:41:35 UTC] PHP Stack trace:
[22-Apr-2019 23:41:35 UTC] PHP   1. {main}() /home/ubuntu/workspace/cst336/homework/hw4/api/pokeProxy.php:0
[22-Apr-2019 23:42:18 UTC] PHP Fatal error:  Call to undefined function {"abilities":[{"ability":{"name":"lightning-rod","url":"https://pokeapi.co/api/v2/ability/31/"},"is_hidden":true,"slot":3},{"ability":{"name":"static","url":"https://pokeapi.co/api/v2/ability/9/"},"is_hidden":false,"slot":1}],"base_experience":112,"forms":[{"name":"pikachu","url":"https://pokeapi.co/api/v2/pokemon-form/25/"}],"game_indices":[{"game_index":25,"version":{"name":"white-2","url":"https://pokeapi.co/api/v2/version/22/"}},{"game_index":25,"version":{"name":"black-2","url":"https://pokeapi.co/api/v2/version/21/"}},{"game_index":25,"version":{"name":"white","url":"https://pokeapi.co/api/v2/version/18/"}},{"game_index":25,"version":{"name":"black","url":"https://pokeapi.co/api/v2/version/17/"}},{"game_index":25,"version":{"name":"soulsilver","url":"https://pokeapi.co/api/v2/version/16/"}},{"game_index":25,"version":{"name":"heartgold","url":"https://pokeapi.co/api/v2/version/15/"}},{"game_index":25,"version":{"name":"platinum","url":"https://pokeapi.co/api/v2/version/14/"}}, in /home/ubuntu/workspace/cst336/homework/hw4/api/pokeProxy.php on line 24
[22-Apr-2019 23:42:18 UTC] PHP Stack trace:
[22-Apr-2019 23:42:18 UTC] PHP   1. {main}() /home/ubuntu/workspace/cst336/homework/hw4/api/pokeProxy.php:0
[23-Apr-2019 01:40:54 UTC] PHP Fatal error:  Uncaught exception 'PDOException' with message 'SQLSTATE[42000]: Syntax error or access violation: 1064 You have an error in your SQL syntax; check the manual that corresponds to your MySQL server version for the right syntax to use near '' at line 1' in /home/ubuntu/workspace/cst336/homework/hw4/api/updateDB.php:11
Stack trace:
#0 /home/ubuntu/workspace/cst336/homework/hw4/api/updateDB.php(11): PDOStatement->execute()
#1 {main}
  thrown in /home/ubuntu/workspace/cst336/homework/hw4/api/updateDB.php on line 11
[23-Apr-2019 01:42:52 UTC] PHP Fatal error:  Uncaught exception 'PDOException' with message 'SQLSTATE[42000]: Syntax error or access violation: 1064 You have an error in your SQL syntax; check the manual that corresponds to your MySQL server version for the right syntax to use near '' at line 1' in /home/ubuntu/workspace/cst336/homework/hw4/api/updateDB.php:11
Stack trace:
#0 /home/ubuntu/workspace/cst336/homework/hw4/api/updateDB.php(11): PDOStatement->execute()
#1 {main}
  thrown in /home/ubuntu/workspace/cst336/homework/hw4/api/updateDB.php on line 11
[23-Apr-2019 01:46:48 UTC] PHP Fatal error:  Uncaught exception 'PDOException' with message 'SQLSTATE[42000]: Syntax error or access violation: 1064 You have an error in your SQL syntax; check the manual that corresponds to your MySQL server version for the right syntax to use near '' at line 1' in /home/ubuntu/workspace/cst336/homework/hw4/api/updateDB.php:11
Stack trace:
#0 /home/ubuntu/workspace/cst336/homework/hw4/api/updateDB.php(11): PDOStatement->execute()
#1 {main}
  thrown in /home/ubuntu/workspace/cst336/homework/hw4/api/updateDB.php on line 11
[23-Apr-2019 01:48:41 UTC] PHP Fatal error:  Uncaught exception 'PDOException' with message 'SQLSTATE[42000]: Syntax error or access violation: 1064 You have an error in your SQL syntax; check the manual that corresponds to your MySQL server version for the right syntax to use near '' at line 1' in /home/ubuntu/workspace/cst336/homework/hw4/api/updateDB.php:11
Stack trace:
#0 /home/ubuntu/workspace/cst336/homework/hw4/api/updateDB.php(11): PDOStatement->execute()
#1 {main}
  thrown in /home/ubuntu/workspace/cst336/homework/hw4/api/updateDB.php on line 11
[23-Apr-2019 01:49:24 UTC] PHP Fatal error:  Uncaught exception 'PDOException' with message 'SQLSTATE[42S22]: Column not found: 1054 Unknown column 'pikachu' in 'where clause'' in /home/ubuntu/workspace/cst336/homework/hw4/api/updateDB.php:11
Stack trace:
#0 /home/ubuntu/workspace/cst336/homework/hw4/api/updateDB.php(11): PDOStatement->execute()
#1 {main}
  thrown in /home/ubuntu/workspace/cst336/homework/hw4/api/updateDB.php on line 11
[23-Apr-2019 01:56:32 UTC] PHP Fatal error:  Uncaught exception 'PDOException' with message 'SQLSTATE[42000]: Syntax error or access violation: 1064 You have an error in your SQL syntax; check the manual that corresponds to your MySQL server version for the right syntax to use near '' at line 1' in /home/ubuntu/workspace/cst336/homework/hw4/api/updateDB.php:11
Stack trace:
#0 /home/ubuntu/workspace/cst336/homework/hw4/api/updateDB.php(11): PDOStatement->execute()
#1 {main}
  thrown in /home/ubuntu/workspace/cst336/homework/hw4/api/updateDB.php on line 11
[23-Apr-2019 01:58:09 UTC] PHP Fatal error:  Uncaught exception 'PDOException' with message 'SQLSTATE[42000]: Syntax error or access violation: 1064 You have an error in your SQL syntax; check the manual that corresponds to your MySQL server version for the right syntax to use near '' at line 1' in /home/ubuntu/workspace/cst336/homework/hw4/api/updateDB.php:11
Stack trace:
#0 /home/ubuntu/workspace/cst336/homework/hw4/api/updateDB.php(11): PDOStatement->execute()
#1 {main}
  thrown in /home/ubuntu/workspace/cst336/homework/hw4/api/updateDB.php on line 11
[23-Apr-2019 02:08:19 UTC] PHP Fatal error:  Uncaught exception 'PDOException' with message 'SQLSTATE[42000]: Syntax error or access violation: 1064 You have an error in your SQL syntax; check the manual that corresponds to your MySQL server version for the right syntax to use near 'SEARCH `timesSearched` FROM `poke_searches` WHERE ID = 25' at line 1' in /home/ubuntu/workspace/cst336/homework/hw4/api/updateDB.php:17
Stack trace:
#0 /home/ubuntu/workspace/cst336/homework/hw4/api/updateDB.php(17): PDOStatement->execute(NULL)
#1 {main}
  thrown in /home/ubuntu/workspace/cst336/homework/hw4/api/updateDB.php on line 17
[23-Apr-2019 02:08:59 UTC] PHP Fatal error:  Uncaught exception 'PDOException' with message 'SQLSTATE[42000]: Syntax error or access violation: 1064 You have an error in your SQL syntax; check the manual that corresponds to your MySQL server version for the right syntax to use near 'SEARCH `timesSearched` FROM `poke_searches` WHERE ID = 25' at line 1' in /home/ubuntu/workspace/cst336/homework/hw4/api/updateDB.php:17
Stack trace:
#0 /home/ubuntu/workspace/cst336/homework/hw4/api/updateDB.php(17): PDOStatement->execute(NULL)
#1 {main}
  thrown in /home/ubuntu/workspace/cst336/homework/hw4/api/updateDB.php on line 17
[23-Apr-2019 02:11:07 UTC] PHP Fatal error:  Uncaught exception 'PDOException' with message 'SQLSTATE[42000]: Syntax error or access violation: 1064 You have an error in your SQL syntax; check the manual that corresponds to your MySQL server version for the right syntax to use near '' at line 1' in /home/ubuntu/workspace/cst336/homework/hw4/api/updateDB.php:11
Stack trace:
#0 /home/ubuntu/workspace/cst336/homework/hw4/api/updateDB.php(11): PDOStatement->execute()
#1 {main}
  thrown in /home/ubuntu/workspace/cst336/homework/hw4/api/updateDB.php on line 11
[23-Apr-2019 02:11:57 UTC] PHP Fatal error:  Uncaught exception 'PDOException' with message 'SQLSTATE[42000]: Syntax error or access violation: 1064 You have an error in your SQL syntax; check the manual that corresponds to your MySQL server version for the right syntax to use near '' at line 1' in /home/ubuntu/workspace/cst336/homework/hw4/api/updateDB.php:11
Stack trace:
#0 /home/ubuntu/workspace/cst336/homework/hw4/api/updateDB.php(11): PDOStatement->execute()
#1 {main}
  thrown in /home/ubuntu/workspace/cst336/homework/hw4/api/updateDB.php on line 11
[23-Apr-2019 02:12:36 UTC] PHP Fatal error:  Uncaught exception 'PDOException' with message 'SQLSTATE[42000]: Syntax error or access violation: 1064 You have an error in your SQL syntax; check the manual that corresponds to your MySQL server version for the right syntax to use near '' at line 1' in /home/ubuntu/workspace/cst336/homework/hw4/api/updateDB.php:11
Stack trace:
#0 /home/ubuntu/workspace/cst336/homework/hw4/api/updateDB.php(11): PDOStatement->execute()
#1 {main}
  thrown in /home/ubuntu/workspace/cst336/homework/hw4/api/updateDB.php on line 11
[23-Apr-2019 02:12:39 UTC] PHP Fatal error:  Uncaught exception 'PDOException' with message 'SQLSTATE[42000]: Syntax error or access violation: 1064 You have an error in your SQL syntax; check the manual that corresponds to your MySQL server version for the right syntax to use near '' at line 1' in /home/ubuntu/workspace/cst336/homework/hw4/api/updateDB.php:11
Stack trace:
#0 /home/ubuntu/workspace/cst336/homework/hw4/api/updateDB.php(11): PDOStatement->execute()
#1 {main}
  thrown in /home/ubuntu/workspace/cst336/homework/hw4/api/updateDB.php on line 11
[23-Apr-2019 02:12:57 UTC] PHP Fatal error:  Uncaught exception 'PDOException' with message 'SQLSTATE[42000]: Syntax error or access violation: 1064 You have an error in your SQL syntax; check the manual that corresponds to your MySQL server version for the right syntax to use near 'SEARCH `timesSearched` FROM `poke_searches` WHERE ID = 25' at line 1' in /home/ubuntu/workspace/cst336/homework/hw4/api/updateDB.php:17
Stack trace:
#0 /home/ubuntu/workspace/cst336/homework/hw4/api/updateDB.php(17): PDOStatement->execute()
#1 {main}
  thrown in /home/ubuntu/workspace/cst336/homework/hw4/api/updateDB.php on line 17
[23-Apr-2019 02:15:00 UTC] PHP Fatal error:  Uncaught exception 'PDOException' with message 'SQLSTATE[42000]: Syntax error or access violation: 1064 You have an error in your SQL syntax; check the manual that corresponds to your MySQL server version for the right syntax to use near '' at line 1' in /home/ubuntu/workspace/cst336/homework/hw4/api/updateDB.php:11
Stack trace:
#0 /home/ubuntu/workspace/cst336/homework/hw4/api/updateDB.php(11): PDOStatement->execute()
#1 {main}
  thrown in /home/ubuntu/workspace/cst336/homework/hw4/api/updateDB.php on line 11
[23-Apr-2019 02:15:14 UTC] PHP Fatal error:  Uncaught exception 'PDOException' with message 'SQLSTATE[42000]: Syntax error or access violation: 1064 You have an error in your SQL syntax; check the manual that corresponds to your MySQL server version for the right syntax to use near '' at line 1' in /home/ubuntu/workspace/cst336/homework/hw4/api/updateDB.php:11
Stack trace:
#0 /home/ubuntu/workspace/cst336/homework/hw4/api/updateDB.php(11): PDOStatement->execute()
#1 {main}
  thrown in /home/ubuntu/workspace/cst336/homework/hw4/api/updateDB.php on line 11
[23-Apr-2019 02:15:41 UTC] PHP Fatal error:  Uncaught exception 'PDOException' with message 'SQLSTATE[42000]: Syntax error or access violation: 1064 You have an error in your SQL syntax; check the manual that corresponds to your MySQL server version for the right syntax to use near '' at line 1' in /home/ubuntu/workspace/cst336/homework/hw4/api/updateDB.php:11
Stack trace:
#0 /home/ubuntu/workspace/cst336/homework/hw4/api/updateDB.php(11): PDOStatement->execute()
#1 {main}
  thrown in /home/ubuntu/workspace/cst336/homework/hw4/api/updateDB.php on line 11
[23-Apr-2019 02:16:24 UTC] PHP Fatal error:  Uncaught exception 'PDOException' with message 'SQLSTATE[42000]: Syntax error or access violation: 1064 You have an error in your SQL syntax; check the manual that corresponds to your MySQL server version for the right syntax to use near '' at line 1' in /home/ubuntu/workspace/cst336/homework/hw4/api/updateDB.php:11
Stack trace:
#0 /home/ubuntu/workspace/cst336/homework/hw4/api/updateDB.php(11): PDOStatement->execute()
#1 {main}
  thrown in /home/ubuntu/workspace/cst336/homework/hw4/api/updateDB.php on line 11
[23-Apr-2019 02:22:14 UTC] PHP Fatal error:  Uncaught exception 'PDOException' with message 'SQLSTATE[42000]: Syntax error or access violation: 1064 You have an error in your SQL syntax; check the manual that corresponds to your MySQL server version for the right syntax to use near '' at line 1' in /home/ubuntu/workspace/cst336/homework/hw4/api/updateDB.php:11
Stack trace:
#0 /home/ubuntu/workspace/cst336/homework/hw4/api/updateDB.php(11): PDOStatement->execute()
#1 {main}
  thrown in /home/ubuntu/workspace/cst336/homework/hw4/api/updateDB.php on line 11
[23-Apr-2019 02:22:23 UTC] PHP Fatal error:  Uncaught exception 'PDOException' with message 'SQLSTATE[42000]: Syntax error or access violation: 1064 You have an error in your SQL syntax; check the manual that corresponds to your MySQL server version for the right syntax to use near '' at line 1' in /home/ubuntu/workspace/cst336/homework/hw4/api/updateDB.php:11
Stack trace:
#0 /home/ubuntu/workspace/cst336/homework/hw4/api/updateDB.php(11): PDOStatement->execute()
#1 {main}
  thrown in /home/ubuntu/workspace/cst336/homework/hw4/api/updateDB.php on line 11
[23-Apr-2019 02:22:42 UTC] PHP Fatal error:  Uncaught exception 'PDOException' with message 'SQLSTATE[42000]: Syntax error or access violation: 1064 You have an error in your SQL syntax; check the manual that corresponds to your MySQL server version for the right syntax to use near '' at line 1' in /home/ubuntu/workspace/cst336/homework/hw4/api/updateDB.php:11
Stack trace:
#0 /home/ubuntu/workspace/cst336/homework/hw4/api/updateDB.php(11): PDOStatement->execute()
#1 {main}
  thrown in /home/ubuntu/workspace/cst336/homework/hw4/api/updateDB.php on line 11
[23-Apr-2019 02:23:15 UTC] PHP Fatal error:  Uncaught exception 'PDOException' with message 'SQLSTATE[42000]: Syntax error or access violation: 1064 You have an error in your SQL syntax; check the manual that corresponds to your MySQL server version for the right syntax to use near '' at line 1' in /home/ubuntu/workspace/cst336/homework/hw4/api/updateDB.php:11
Stack trace:
#0 /home/ubuntu/workspace/cst336/homework/hw4/api/updateDB.php(11): PDOStatement->execute()
#1 {main}
  thrown in /home/ubuntu/workspace/cst336/homework/hw4/api/updateDB.php on line 11
[23-Apr-2019 15:17:43 UTC] PHP Fatal error:  Uncaught exception 'PDOException' with message 'SQLSTATE[42000]: Syntax error or access violation: 1064 You have an error in your SQL syntax; check the manual that corresponds to your MySQL server version for the right syntax to use near '' at line 1' in /home/ubuntu/workspace/cst336/homework/hw4/api/checkDB.php:8
Stack trace:
#0 /home/ubuntu/workspace/cst336/homework/hw4/api/checkDB.php(8): PDOStatement->execute(NULL)
#1 {main}
  thrown in /home/ubuntu/workspace/cst336/homework/hw4/api/checkDB.php on line 8
[23-Apr-2019 15:18:11 UTC] PHP Fatal error:  Uncaught exception 'PDOException' with message 'SQLSTATE[42000]: Syntax error or access violation: 1064 You have an error in your SQL syntax; check the manual that corresponds to your MySQL server version for the right syntax to use near '' at line 1' in /home/ubuntu/workspace/cst336/homework/hw4/api/checkDB.php:8
Stack trace:
#0 /home/ubuntu/workspace/cst336/homework/hw4/api/checkDB.php(8): PDOStatement->execute(NULL)
#1 {main}
  thrown in /home/ubuntu/workspace/cst336/homework/hw4/api/checkDB.php on line 8
[23-Apr-2019 15:18:17 UTC] PHP Fatal error:  Uncaught exception 'PDOException' with message 'SQLSTATE[42000]: Syntax error or access violation: 1064 You have an error in your SQL syntax; check the manual that corresponds to your MySQL server version for the right syntax to use near '' at line 1' in /home/ubuntu/workspace/cst336/homework/hw4/api/checkDB.php:8
Stack trace:
#0 /home/ubuntu/workspace/cst336/homework/hw4/api/checkDB.php(8): PDOStatement->execute(NULL)
#1 {main}
  thrown in /home/ubuntu/workspace/cst336/homework/hw4/api/checkDB.php on line 8
[23-Apr-2019 15:18:21 UTC] PHP Fatal error:  Uncaught exception 'PDOException' with message 'SQLSTATE[42000]: Syntax error or access violation: 1064 You have an error in your SQL syntax; check the manual that corresponds to your MySQL server version for the right syntax to use near '' at line 1' in /home/ubuntu/workspace/cst336/homework/hw4/api/checkDB.php:8
Stack trace:
#0 /home/ubuntu/workspace/cst336/homework/hw4/api/checkDB.php(8): PDOStatement->execute(NULL)
#1 {main}
  thrown in /home/ubuntu/workspace/cst336/homework/hw4/api/checkDB.php on line 8
[23-Apr-2019 15:19:26 UTC] PHP Fatal error:  Uncaught exception 'PDOException' with message 'SQLSTATE[42S22]: Column not found: 1054 Unknown column 'piplup' in 'where clause'' in /home/ubuntu/workspace/cst336/homework/hw4/api/checkDB.php:10
Stack trace:
#0 /home/ubuntu/workspace/cst336/homework/hw4/api/checkDB.php(10): PDOStatement->execute(NULL)
#1 {main}
  thrown in /home/ubuntu/workspace/cst336/homework/hw4/api/checkDB.php on line 10
[23-Apr-2019 15:19:32 UTC] PHP Fatal error:  Uncaught exception 'PDOException' with message 'SQLSTATE[42S22]: Column not found: 1054 Unknown column 'pikachu' in 'where clause'' in /home/ubuntu/workspace/cst336/homework/hw4/api/checkDB.php:10
Stack trace:
#0 /home/ubuntu/workspace/cst336/homework/hw4/api/checkDB.php(10): PDOStatement->execute(NULL)
#1 {main}
  thrown in /home/ubuntu/workspace/cst336/homework/hw4/api/checkDB.php on line 10
[23-Apr-2019 15:20:07 UTC] PHP Fatal error:  Uncaught exception 'PDOException' with message 'SQLSTATE[42S22]: Column not found: 1054 Unknown column 'pikachu' in 'where clause'' in /home/ubuntu/workspace/cst336/homework/hw4/api/checkDB.php:10
Stack trace:
#0 /home/ubuntu/workspace/cst336/homework/hw4/api/checkDB.php(10): PDOStatement->execute(NULL)
#1 {main}
  thrown in /home/ubuntu/workspace/cst336/homework/hw4/api/checkDB.php on line 10
[23-Apr-2019 15:36:30 UTC] PHP Fatal error:  Uncaught exception 'PDOException' with message 'SQLSTATE[HY000] [1044] Access denied for user 'b184106b8bd92a'@'%' to database 'pokedatabase'' in /home/ubuntu/workspace/cst336/inc/dbConnection_heroku.php:25
Stack trace:
#0 /home/ubuntu/workspace/cst336/inc/dbConnection_heroku.php(25): PDO->__construct('mysql:host=us-c...', 'b184106b8bd92a', '853ab472')
#1 /home/ubuntu/workspace/cst336/homework/hw4/api/updateDB.php(4): getDatabaseConnection('pokeDatabase')
#2 {main}
  thrown in /home/ubuntu/workspace/cst336/inc/dbConnection_heroku.php on line 25
[23-Apr-2019 15:36:32 UTC] PHP Fatal error:  Uncaught exception 'PDOException' with message 'SQLSTATE[HY000] [1044] Access denied for user 'b184106b8bd92a'@'%' to database 'pokedatabase'' in /home/ubuntu/workspace/cst336/inc/dbConnection_heroku.php:25
Stack trace:
#0 /home/ubuntu/workspace/cst336/inc/dbConnection_heroku.php(25): PDO->__construct('mysql:host=us-c...', 'b184106b8bd92a', '853ab472')
#1 /home/ubuntu/workspace/cst336/homework/hw4/api/updateDB.php(4): getDatabaseConnection('pokeDatabase')
#2 {main}
  thrown in /home/ubuntu/workspace/cst336/inc/dbConnection_heroku.php on line 25
[23-Apr-2019 15:37:04 UTC] PHP Fatal error:  Uncaught exception 'PDOException' with message 'SQLSTATE[HY000] [1044] Access denied for user 'b184106b8bd92a'@'%' to database 'pokedatabase'' in /home/ubuntu/workspace/cst336/inc/dbConnection_heroku.php:25
Stack trace:
#0 /home/ubuntu/workspace/cst336/inc/dbConnection_heroku.php(25): PDO->__construct('mysql:host=us-c...', 'b184106b8bd92a', '853ab472')
#1 /home/ubuntu/workspace/cst336/homework/hw4/api/updateDB.php(4): getDatabaseConnection('pokeDatabase')
#2 {main}
  thrown in /home/ubuntu/workspace/cst336/inc/dbConnection_heroku.php on line 25
[23-Apr-2019 15:37:23 UTC] PHP Fatal error:  Uncaught exception 'PDOException' with message 'SQLSTATE[HY000] [1044] Access denied for user 'b184106b8bd92a'@'%' to database 'pokedatabase'' in /home/ubuntu/workspace/cst336/inc/dbConnection_heroku.php:25
Stack trace:
#0 /home/ubuntu/workspace/cst336/inc/dbConnection_heroku.php(25): PDO->__construct('mysql:host=us-c...', 'b184106b8bd92a', '853ab472')
#1 /home/ubuntu/workspace/cst336/homework/hw4/api/updateDB.php(4): getDatabaseConnection('pokeDatabase')
#2 {main}
  thrown in /home/ubuntu/workspace/cst336/inc/dbConnection_heroku.php on line 25
[23-Apr-2019 15:37:31 UTC] PHP Fatal error:  Uncaught exception 'PDOException' with message 'SQLSTATE[HY000] [1044] Access denied for user 'b184106b8bd92a'@'%' to database 'pokedatabase'' in /home/ubuntu/workspace/cst336/inc/dbConnection_heroku.php:25
Stack trace:
#0 /home/ubuntu/workspace/cst336/inc/dbConnection_heroku.php(25): PDO->__construct('mysql:host=us-c...', 'b184106b8bd92a', '853ab472')
#1 /home/ubuntu/workspace/cst336/homework/hw4/api/updateDB.php(4): getDatabaseConnection('pokeDatabase')
#2 {main}
  thrown in /home/ubuntu/workspace/cst336/inc/dbConnection_heroku.php on line 25
[23-Apr-2019 15:37:40 UTC] PHP Fatal error:  Uncaught exception 'PDOException' with message 'SQLSTATE[HY000] [1044] Access denied for user 'b184106b8bd92a'@'%' to database 'pokedatabase'' in /home/ubuntu/workspace/cst336/inc/dbConnection_heroku.php:25
Stack trace:
#0 /home/ubuntu/workspace/cst336/inc/dbConnection_heroku.php(25): PDO->__construct('mysql:host=us-c...', 'b184106b8bd92a', '853ab472')
#1 /home/ubuntu/workspace/cst336/homework/hw4/api/updateDB.php(4): getDatabaseConnection('pokeDatabase')
#2 {main}
  thrown in /home/ubuntu/workspace/cst336/inc/dbConnection_heroku.php on line 25
[29-Apr-2019 16:42:00 UTC] PHP Fatal error:  Uncaught exception 'PDOException' with message 'SQLSTATE[HY000] [1044] Access denied for user 'b184106b8bd92a'@'%' to database 'pokedatabase'' in /home/ubuntu/workspace/cst336/inc/dbConnection_heroku.php:25
Stack trace:
#0 /home/ubuntu/workspace/cst336/inc/dbConnection_heroku.php(25): PDO->__construct('mysql:host=us-c...', 'b184106b8bd92a', '853ab472')
#1 /home/ubuntu/workspace/cst336/homework/hw4/api/updateDB.php(4): getDatabaseConnection('pokeDatabase')
#2 {main}
  thrown in /home/ubuntu/workspace/cst336/inc/dbConnection_heroku.php on line 25
[29-Apr-2019 16:44:37 UTC] PHP Fatal error:  Uncaught exception 'PDOException' with message 'SQLSTATE[HY000] [1044] Access denied for user 'b184106b8bd92a'@'%' to database 'pokedatabase'' in /home/ubuntu/workspace/cst336/inc/dbConnection_heroku.php:25
Stack trace:
#0 /home/ubuntu/workspace/cst336/inc/dbConnection_heroku.php(25): PDO->__construct('mysql:host=us-c...', 'b184106b8bd92a', '853ab472')
#1 /home/ubuntu/workspace/cst336/homework/hw4/api/updateDB.php(4): getDatabaseConnection('pokeDatabase')
#2 {main}
  thrown in /home/ubuntu/workspace/cst336/inc/dbConnection_heroku.php on line 25
[29-Apr-2019 17:15:41 UTC] PHP Fatal error:  Uncaught exception 'PDOException' with message 'SQLSTATE[HY000] [1044] Access denied for user 'b184106b8bd92a'@'%' to database 'pokedatabase'' in /home/ubuntu/workspace/cst336/inc/dbConnection_heroku.php:25
Stack trace:
#0 /home/ubuntu/workspace/cst336/inc/dbConnection_heroku.php(25): PDO->__construct('mysql:host=us-c...', 'b184106b8bd92a', '853ab472')
#1 /home/ubuntu/workspace/cst336/homework/hw4/api/updateDB.php(4): getDatabaseConnection('pokeDatabase')
#2 {main}
  thrown in /home/ubuntu/workspace/cst336/inc/dbConnection_heroku.php on line 25
[29-Apr-2019 17:16:51 UTC] PHP Fatal error:  Uncaught exception 'PDOException' with message 'SQLSTATE[HY000] [1044] Access denied for user 'b184106b8bd92a'@'%' to database 'pokedatabase'' in /home/ubuntu/workspace/cst336/inc/dbConnection_heroku.php:25
Stack trace:
#0 /home/ubuntu/workspace/cst336/inc/dbConnection_heroku.php(25): PDO->__construct('mysql:host=us-c...', 'b184106b8bd92a', '853ab472')
#1 /home/ubuntu/workspace/cst336/homework/hw4/api/updateDB.php(4): getDatabaseConnection('pokeDatabase')
#2 {main}
  thrown in /home/ubuntu/workspace/cst336/inc/dbConnection_heroku.php on line 25
[29-Apr-2019 17:18:32 UTC] PHP Fatal error:  Uncaught exception 'PDOException' with message 'SQLSTATE[42000]: Syntax error or access violation: 1064 You have an error in your SQL syntax; check the manual that corresponds to your MySQL server version for the right syntax to use near '://raw.githubusercontent.com/PokeAPI/sprites/master/sprites/pokemon/172.png)' at line 1' in /home/ubuntu/workspace/cst336/homework/hw4/api/updateDB.php:13
Stack trace:
#0 /home/ubuntu/workspace/cst336/homework/hw4/api/updateDB.php(13): PDOStatement->execute()
#1 {main}
  thrown in /home/ubuntu/workspace/cst336/homework/hw4/api/updateDB.php on line 13
[29-Apr-2019 17:19:47 UTC] PHP Fatal error:  Uncaught exception 'PDOException' with message 'SQLSTATE[42000]: Syntax error or access violation: 1064 You have an error in your SQL syntax; check the manual that corresponds to your MySQL server version for the right syntax to use near ',,)' at line 1' in /home/ubuntu/workspace/cst336/homework/hw4/api/updateDB.php:13
Stack trace:
#0 /home/ubuntu/workspace/cst336/homework/hw4/api/updateDB.php(13): PDOStatement->execute()
#1 {main}
  thrown in /home/ubuntu/workspace/cst336/homework/hw4/api/updateDB.php on line 13
[29-Apr-2019 17:21:34 UTC] PHP Fatal error:  Uncaught exception 'PDOException' with message 'SQLSTATE[42000]: Syntax error or access violation: 1064 You have an error in your SQL syntax; check the manual that corresponds to your MySQL server version for the right syntax to use near ' , , )' at line 1' in /home/ubuntu/workspace/cst336/homework/hw4/api/updateDB.php:13
Stack trace:
#0 /home/ubuntu/workspace/cst336/homework/hw4/api/updateDB.php(13): PDOStatement->execute()
#1 {main}
  thrown in /home/ubuntu/workspace/cst336/homework/hw4/api/updateDB.php on line 13
[29-Apr-2019 17:23:13 UTC] PHP Fatal error:  Uncaught exception 'PDOException' with message 'SQLSTATE[42000]: Syntax error or access violation: 1064 You have an error in your SQL syntax; check the manual that corresponds to your MySQL server version for the right syntax to use near ' , , )' at line 1' in /home/ubuntu/workspace/cst336/homework/hw4/api/updateDB.php:13
Stack trace:
#0 /home/ubuntu/workspace/cst336/homework/hw4/api/updateDB.php(13): PDOStatement->execute()
#1 {main}
  thrown in /home/ubuntu/workspace/cst336/homework/hw4/api/updateDB.php on line 13
[29-Apr-2019 17:29:32 UTC] PHP Fatal error:  Uncaught exception 'PDOException' with message 'SQLSTATE[42S22]: Column not found: 1054 Unknown column '25' in 'field list'' in /home/ubuntu/workspace/cst336/homework/hw4/api/updateDB.php:15
Stack trace:
#0 /home/ubuntu/workspace/cst336/homework/hw4/api/updateDB.php(15): PDOStatement->execute()
#1 {main}
  thrown in /home/ubuntu/workspace/cst336/homework/hw4/api/updateDB.php on line 15
[29-Apr-2019 17:29:48 UTC] PHP Fatal error:  Uncaught exception 'PDOException' with message 'SQLSTATE[42S22]: Column not found: 1054 Unknown column '369' in 'field list'' in /home/ubuntu/workspace/cst336/homework/hw4/api/updateDB.php:15
Stack trace:
#0 /home/ubuntu/workspace/cst336/homework/hw4/api/updateDB.php(15): PDOStatement->execute()
#1 {main}
  thrown in /home/ubuntu/workspace/cst336/homework/hw4/api/updateDB.php on line 15
[29-Apr-2019 18:43:06 UTC] PHP Fatal error:  Uncaught exception 'PDOException' with message 'SQLSTATE[42000]: Syntax error or access violation: 1064 You have an error in your SQL syntax; check the manual that corresponds to your MySQL server version for the right syntax to use near '* FROM `poke_party` WHERE id =' at line 1' in /home/ubuntu/workspace/cst336/homework/hw4/api/releaseAPI.php:11
Stack trace:
#0 /home/ubuntu/workspace/cst336/homework/hw4/api/releaseAPI.php(11): PDOStatement->execute()
#1 {main}
  thrown in /home/ubuntu/workspace/cst336/homework/hw4/api/releaseAPI.php on line 11
[29-Apr-2019 18:43:58 UTC] PHP Fatal error:  Uncaught exception 'PDOException' with message 'SQLSTATE[42000]: Syntax error or access violation: 1064 You have an error in your SQL syntax; check the manual that corresponds to your MySQL server version for the right syntax to use near '' at line 1' in /home/ubuntu/workspace/cst336/homework/hw4/api/releaseAPI.php:11
Stack trace:
#0 /home/ubuntu/workspace/cst336/homework/hw4/api/releaseAPI.php(11): PDOStatement->execute()
#1 {main}
  thrown in /home/ubuntu/workspace/cst336/homework/hw4/api/releaseAPI.php on line 11
[29-Apr-2019 18:44:17 UTC] PHP Fatal error:  Uncaught exception 'PDOException' with message 'SQLSTATE[42000]: Syntax error or access violation: 1064 You have an error in your SQL syntax; check the manual that corresponds to your MySQL server version for the right syntax to use near '' at line 1' in /home/ubuntu/workspace/cst336/homework/hw4/api/releaseAPI.php:11
Stack trace:
#0 /home/ubuntu/workspace/cst336/homework/hw4/api/releaseAPI.php(11): PDOStatement->execute()
#1 {main}
  thrown in /home/ubuntu/workspace/cst336/homework/hw4/api/releaseAPI.php on line 11
[29-Apr-2019 18:45:58 UTC] PHP Fatal error:  Uncaught exception 'PDOException' with message 'SQLSTATE[42000]: Syntax error or access violation: 1064 You have an error in your SQL syntax; check the manual that corresponds to your MySQL server version for the right syntax to use near '' at line 1' in /home/ubuntu/workspace/cst336/homework/hw4/api/releaseAPI.php:11
Stack trace:
#0 /home/ubuntu/workspace/cst336/homework/hw4/api/releaseAPI.php(11): PDOStatement->execute()
#1 {main}
  thrown in /home/ubuntu/workspace/cst336/homework/hw4/api/releaseAPI.php on line 11
[29-Apr-2019 18:48:07 UTC] PHP Fatal error:  Uncaught exception 'PDOException' with message 'SQLSTATE[42000]: Syntax error or access violation: 1064 You have an error in your SQL syntax; check the manual that corresponds to your MySQL server version for the right syntax to use near '' at line 1' in /home/ubuntu/workspace/cst336/homework/hw4/api/releaseAPI.php:11
Stack trace:
#0 /home/ubuntu/workspace/cst336/homework/hw4/api/releaseAPI.php(11): PDOStatement->execute()
#1 {main}
  thrown in /home/ubuntu/workspace/cst336/homework/hw4/api/releaseAPI.php on line 11
[30-Apr-2019 01:56:18 UTC] PHP Fatal error:  Uncaught exception 'PDOException' with message 'SQLSTATE[42000]: Syntax error or access violation: 1064 You have an error in your SQL syntax; check the manual that corresponds to your MySQL server version for the right syntax to use near '' at line 1' in /home/ubuntu/workspace/cst336/homework/hw4/api/releaseAPI.php:11
Stack trace:
#0 /home/ubuntu/workspace/cst336/homework/hw4/api/releaseAPI.php(11): PDOStatement->execute()
#1 {main}
  thrown in /home/ubuntu/workspace/cst336/homework/hw4/api/releaseAPI.php on line 11
[30-Apr-2019 01:56:32 UTC] PHP Fatal error:  Uncaught exception 'PDOException' with message 'SQLSTATE[42000]: Syntax error or access violation: 1064 You have an error in your SQL syntax; check the manual that corresponds to your MySQL server version for the right syntax to use near '' at line 1' in /home/ubuntu/workspace/cst336/homework/hw4/api/releaseAPI.php:11
Stack trace:
#0 /home/ubuntu/workspace/cst336/homework/hw4/api/releaseAPI.php(11): PDOStatement->execute()
#1 {main}
  thrown in /home/ubuntu/workspace/cst336/homework/hw4/api/releaseAPI.php on line 11
[30-Apr-2019 01:56:47 UTC] PHP Fatal error:  Uncaught exception 'PDOException' with message 'SQLSTATE[42000]: Syntax error or access violation: 1064 You have an error in your SQL syntax; check the manual that corresponds to your MySQL server version for the right syntax to use near '' at line 1' in /home/ubuntu/workspace/cst336/homework/hw4/api/releaseAPI.php:11
Stack trace:
#0 /home/ubuntu/workspace/cst336/homework/hw4/api/releaseAPI.php(11): PDOStatement->execute()
#1 {main}
  thrown in /home/ubuntu/workspace/cst336/homework/hw4/api/releaseAPI.php on line 11
[30-Apr-2019 01:57:17 UTC] PHP Fatal error:  Uncaught exception 'PDOException' with message 'SQLSTATE[42000]: Syntax error or access violation: 1064 You have an error in your SQL syntax; check the manual that corresponds to your MySQL server version for the right syntax to use near '' at line 1' in /home/ubuntu/workspace/cst336/homework/hw4/api/releaseAPI.php:11
Stack trace:
#0 /home/ubuntu/workspace/cst336/homework/hw4/api/releaseAPI.php(11): PDOStatement->execute()
#1 {main}
  thrown in /home/ubuntu/workspace/cst336/homework/hw4/api/releaseAPI.php on line 11
[30-Apr-2019 02:03:16 UTC] PHP Fatal error:  Uncaught exception 'PDOException' with message 'SQLSTATE[42000]: Syntax error or access violation: 1064 You have an error in your SQL syntax; check the manual that corresponds to your MySQL server version for the right syntax to use near '' at line 1' in /home/ubuntu/workspace/cst336/homework/hw4/api/releaseAPI.php:11
Stack trace:
#0 /home/ubuntu/workspace/cst336/homework/hw4/api/releaseAPI.php(11): PDOStatement->execute()
#1 {main}
  thrown in /home/ubuntu/workspace/cst336/homework/hw4/api/releaseAPI.php on line 11
[30-Apr-2019 02:04:22 UTC] PHP Fatal error:  Uncaught exception 'PDOException' with message 'SQLSTATE[42000]: Syntax error or access violation: 1064 You have an error in your SQL syntax; check the manual that corresponds to your MySQL server version for the right syntax to use near '' at line 1' in /home/ubuntu/workspace/cst336/homework/hw4/api/releaseAPI.php:11
Stack trace:
#0 /home/ubuntu/workspace/cst336/homework/hw4/api/releaseAPI.php(11): PDOStatement->execute()
#1 {main}
  thrown in /home/ubuntu/workspace/cst336/homework/hw4/api/releaseAPI.php on line 11
[30-Apr-2019 02:04:35 UTC] PHP Fatal error:  Uncaught exception 'PDOException' with message 'SQLSTATE[42000]: Syntax error or access violation: 1064 You have an error in your SQL syntax; check the manual that corresponds to your MySQL server version for the right syntax to use near '' at line 1' in /home/ubuntu/workspace/cst336/homework/hw4/api/releaseAPI.php:11
Stack trace:
#0 /home/ubuntu/workspace/cst336/homework/hw4/api/releaseAPI.php(11): PDOStatement->execute()
#1 {main}
  thrown in /home/ubuntu/workspace/cst336/homework/hw4/api/releaseAPI.php on line 11
[30-Apr-2019 02:06:57 UTC] PHP Fatal error:  Uncaught exception 'PDOException' with message 'SQLSTATE[42S22]: Column not found: 1054 Unknown column '' in 'where clause'' in /home/ubuntu/workspace/cst336/homework/hw4/api/releaseAPI.php:11
Stack trace:
#0 /home/ubuntu/workspace/cst336/homework/hw4/api/releaseAPI.php(11): PDOStatement->execute()
#1 {main}
  thrown in /home/ubuntu/workspace/cst336/homework/hw4/api/releaseAPI.php on line 11
[30-Apr-2019 02:08:13 UTC] PHP Fatal error:  Uncaught exception 'PDOException' with message 'SQLSTATE[42S22]: Column not found: 1054 Unknown column '' in 'where clause'' in /home/ubuntu/workspace/cst336/homework/hw4/api/releaseAPI.php:12
Stack trace:
#0 /home/ubuntu/workspace/cst336/homework/hw4/api/releaseAPI.php(12): PDOStatement->execute()
#1 {main}
  thrown in /home/ubuntu/workspace/cst336/homework/hw4/api/releaseAPI.php on line 12
[30-Apr-2019 02:11:04 UTC] PHP Fatal error:  Uncaught exception 'PDOException' with message 'SQLSTATE[42000]: Syntax error or access violation: 1064 You have an error in your SQL syntax; check the manual that corresponds to your MySQL server version for the right syntax to use near '' at line 1' in /home/ubuntu/workspace/cst336/homework/hw4/api/releaseAPI.php:11
Stack trace:
#0 /home/ubuntu/workspace/cst336/homework/hw4/api/releaseAPI.php(11): PDOStatement->execute()
#1 {main}
  thrown in /home/ubuntu/workspace/cst336/homework/hw4/api/releaseAPI.php on line 11
[30-Apr-2019 02:12:02 UTC] PHP Fatal error:  Uncaught exception 'PDOException' with message 'SQLSTATE[42000]: Syntax error or access violation: 1064 You have an error in your SQL syntax; check the manual that corresponds to your MySQL server version for the right syntax to use near '' at line 1' in /home/ubuntu/workspace/cst336/homework/hw4/api/releaseAPI.php:11
Stack trace:
#0 /home/ubuntu/workspace/cst336/homework/hw4/api/releaseAPI.php(11): PDOStatement->execute()
#1 {main}
  thrown in /home/ubuntu/workspace/cst336/homework/hw4/api/releaseAPI.php on line 11
