[29-Apr-2019 19:40:01 UTC] PHP Parse error:  syntax error, unexpected '$conn' (T_VARIABLE) in /home/ubuntu/workspace/cst336/practice/p10/api/checkAnswer.php on line 10
[29-Apr-2019 19:40:02 UTC] PHP Parse error:  syntax error, unexpected '$conn' (T_VARIABLE) in /home/ubuntu/workspace/cst336/practice/p10/api/checkAnswer.php on line 10
[29-Apr-2019 19:40:02 UTC] PHP Parse error:  syntax error, unexpected '$conn' (T_VARIABLE) in /home/ubuntu/workspace/cst336/practice/p10/api/checkAnswer.php on line 10
[29-Apr-2019 19:40:03 UTC] PHP Parse error:  syntax error, unexpected '$conn' (T_VARIABLE) in /home/ubuntu/workspace/cst336/practice/p10/api/checkAnswer.php on line 10
[29-Apr-2019 19:40:03 UTC] PHP Parse error:  syntax error, unexpected '$conn' (T_VARIABLE) in /home/ubuntu/workspace/cst336/practice/p10/api/checkAnswer.php on line 10
[29-Apr-2019 19:40:03 UTC] PHP Parse error:  syntax error, unexpected '$conn' (T_VARIABLE) in /home/ubuntu/workspace/cst336/practice/p10/api/checkAnswer.php on line 10
[29-Apr-2019 19:40:03 UTC] PHP Parse error:  syntax error, unexpected '$conn' (T_VARIABLE) in /home/ubuntu/workspace/cst336/practice/p10/api/checkAnswer.php on line 10
[29-Apr-2019 19:40:15 UTC] PHP Parse error:  syntax error, unexpected '$conn' (T_VARIABLE) in /home/ubuntu/workspace/cst336/practice/p10/api/checkAnswer.php on line 10
[29-Apr-2019 19:43:07 UTC] PHP Parse error:  syntax error, unexpected '$conn' (T_VARIABLE) in /home/ubuntu/workspace/cst336/practice/p10/api/checkAnswer.php on line 10
[29-Apr-2019 19:43:13 UTC] PHP Parse error:  syntax error, unexpected '$conn' (T_VARIABLE) in /home/ubuntu/workspace/cst336/practice/p10/api/checkAnswer.php on line 10
[29-Apr-2019 19:45:07 UTC] PHP Parse error:  syntax error, unexpected '$conn' (T_VARIABLE) in /home/ubuntu/workspace/cst336/practice/p10/api/checkAnswer.php on line 10
[29-Apr-2019 19:45:12 UTC] PHP Parse error:  syntax error, unexpected '$conn' (T_VARIABLE) in /home/ubuntu/workspace/cst336/practice/p10/api/checkAnswer.php on line 10
[29-Apr-2019 19:45:12 UTC] PHP Parse error:  syntax error, unexpected '$conn' (T_VARIABLE) in /home/ubuntu/workspace/cst336/practice/p10/api/checkAnswer.php on line 10
[29-Apr-2019 19:45:13 UTC] PHP Parse error:  syntax error, unexpected '$conn' (T_VARIABLE) in /home/ubuntu/workspace/cst336/practice/p10/api/checkAnswer.php on line 10
[29-Apr-2019 19:45:36 UTC] PHP Fatal error:  Uncaught exception 'PDOException' with message 'SQLSTATE[42S22]: Column not found: 1054 Unknown column 'bkuvjfgxgf' in 'where clause'' in /home/ubuntu/workspace/cst336/practice/p10/api/checkAnswer.php:22
Stack trace:
#0 /home/ubuntu/workspace/cst336/practice/p10/api/checkAnswer.php(22): PDOStatement->execute(Array)
#1 {main}
  thrown in /home/ubuntu/workspace/cst336/practice/p10/api/checkAnswer.php on line 22
[29-Apr-2019 19:47:39 UTC] PHP Fatal error:  Uncaught exception 'PDOException' with message 'SQLSTATE[42S22]: Column not found: 1054 Unknown column 'uykvjtrsrt' in 'where clause'' in /home/ubuntu/workspace/cst336/practice/p10/api/checkAnswer.php:22
Stack trace:
#0 /home/ubuntu/workspace/cst336/practice/p10/api/checkAnswer.php(22): PDOStatement->execute(Array)
#1 {main}
  thrown in /home/ubuntu/workspace/cst336/practice/p10/api/checkAnswer.php on line 22
[29-Apr-2019 19:53:45 UTC] PHP Fatal error:  Uncaught exception 'PDOException' with message 'SQLSTATE[42S22]: Column not found: 1054 Unknown column 'fnakjlfndsk' in 'where clause'' in /home/ubuntu/workspace/cst336/practice/p10/api/checkAnswer.php:22
Stack trace:
#0 /home/ubuntu/workspace/cst336/practice/p10/api/checkAnswer.php(22): PDOStatement->execute()
#1 {main}
  thrown in /home/ubuntu/workspace/cst336/practice/p10/api/checkAnswer.php on line 22
[29-Apr-2019 20:07:59 UTC] PHP Fatal error:  Uncaught exception 'PDOException' with message 'SQLSTATE[42000]: Syntax error or access violation: 1064 You have an error in your SQL syntax; check the manual that corresponds to your MySQL server version for the right syntax to use near '' at line 1' in /home/ubuntu/workspace/cst336/practice/p10/api/checkAnswer.php:18
Stack trace:
#0 /home/ubuntu/workspace/cst336/practice/p10/api/checkAnswer.php(18): PDOStatement->execute()
#1 {main}
  thrown in /home/ubuntu/workspace/cst336/practice/p10/api/checkAnswer.php on line 18
[29-Apr-2019 20:12:16 UTC] PHP Fatal error:  Uncaught exception 'PDOException' with message 'SQLSTATE[42S22]: Column not found: 1054 Unknown column 'aSDF' in 'field list'' in /home/ubuntu/workspace/cst336/practice/p10/api/checkAnswer.php:29
Stack trace:
#0 /home/ubuntu/workspace/cst336/practice/p10/api/checkAnswer.php(29): PDOStatement->execute()
#1 {main}
  thrown in /home/ubuntu/workspace/cst336/practice/p10/api/checkAnswer.php on line 29
[29-Apr-2019 20:15:30 UTC] PHP Parse error:  syntax error, unexpected '$sql' (T_VARIABLE) in /home/ubuntu/workspace/cst336/practice/p10/api/checkAnswer.php on line 40
[29-Apr-2019 20:17:16 UTC] PHP Parse error:  syntax error, unexpected '$sql' (T_VARIABLE) in /home/ubuntu/workspace/cst336/practice/p10/api/checkAnswer.php on line 40
[29-Apr-2019 20:18:34 UTC] PHP Fatal error:  Uncaught exception 'PDOException' with message 'SQLSTATE[HY093]: Invalid parameter number: number of bound variables does not match number of tokens' in /home/ubuntu/workspace/cst336/practice/p10/api/checkAnswer.php:39
Stack trace:
#0 /home/ubuntu/workspace/cst336/practice/p10/api/checkAnswer.php(39): PDOStatement->execute(Array)
#1 {main}
  thrown in /home/ubuntu/workspace/cst336/practice/p10/api/checkAnswer.php on line 39
[29-Apr-2019 20:21:47 UTC] PHP Fatal error:  Uncaught exception 'PDOException' with message 'SQLSTATE[HY093]: Invalid parameter number: number of bound variables does not match number of tokens' in /home/ubuntu/workspace/cst336/practice/p10/api/checkAnswer.php:21
Stack trace:
#0 /home/ubuntu/workspace/cst336/practice/p10/api/checkAnswer.php(21): PDOStatement->execute(Array)
#1 {main}
  thrown in /home/ubuntu/workspace/cst336/practice/p10/api/checkAnswer.php on line 21
[29-Apr-2019 20:22:11 UTC] PHP Fatal error:  Uncaught exception 'PDOException' with message 'SQLSTATE[HY093]: Invalid parameter number: number of bound variables does not match number of tokens' in /home/ubuntu/workspace/cst336/practice/p10/api/checkAnswer.php:21
Stack trace:
#0 /home/ubuntu/workspace/cst336/practice/p10/api/checkAnswer.php(21): PDOStatement->execute(Array)
#1 {main}
  thrown in /home/ubuntu/workspace/cst336/practice/p10/api/checkAnswer.php on line 21
