[22-Apr-2019 19:39:51 UTC] PHP Fatal error:  Uncaught exception 'PDOException' with message 'SQLSTATE[42000]: Syntax error or access violation: 1064 You have an error in your SQL syntax; check the manual that corresponds to your MySQL server version for the right syntax to use near ''option1' = '1'' at line 1' in /home/ubuntu/workspace/cst336/practice/p9/api/updateDB.php:27
Stack trace:
#0 /home/ubuntu/workspace/cst336/practice/p9/api/updateDB.php(27): PDOStatement->execute(Array)
#1 {main}
  thrown in /home/ubuntu/workspace/cst336/practice/p9/api/updateDB.php on line 27
[22-Apr-2019 19:41:04 UTC] PHP Fatal error:  Uncaught exception 'PDOException' with message 'SQLSTATE[42000]: Syntax error or access violation: 1064 You have an error in your SQL syntax; check the manual that corresponds to your MySQL server version for the right syntax to use near ''option1' = '1'' at line 1' in /home/ubuntu/workspace/cst336/practice/p9/api/updateDB.php:27
Stack trace:
#0 /home/ubuntu/workspace/cst336/practice/p9/api/updateDB.php(27): PDOStatement->execute(Array)
#1 {main}
  thrown in /home/ubuntu/workspace/cst336/practice/p9/api/updateDB.php on line 27
[22-Apr-2019 19:42:31 UTC] PHP Fatal error:  Uncaught exception 'PDOException' with message 'SQLSTATE[42000]: Syntax error or access violation: 1064 You have an error in your SQL syntax; check the manual that corresponds to your MySQL server version for the right syntax to use near ''option1' = '1'' at line 1' in /home/ubuntu/workspace/cst336/practice/p9/api/updateDB.php:26
Stack trace:
#0 /home/ubuntu/workspace/cst336/practice/p9/api/updateDB.php(26): PDOStatement->execute(Array)
#1 {main}
  thrown in /home/ubuntu/workspace/cst336/practice/p9/api/updateDB.php on line 26
[22-Apr-2019 19:43:07 UTC] PHP Fatal error:  Uncaught exception 'PDOException' with message 'SQLSTATE[42S22]: Column not found: 1054 Unknown column ''option1'' in 'field list'' in /home/ubuntu/workspace/cst336/practice/p9/api/updateDB.php:26
Stack trace:
#0 /home/ubuntu/workspace/cst336/practice/p9/api/updateDB.php(26): PDOStatement->execute(Array)
#1 {main}
  thrown in /home/ubuntu/workspace/cst336/practice/p9/api/updateDB.php on line 26
[22-Apr-2019 19:50:47 UTC] PHP Fatal error:  Uncaught exception 'PDOException' with message 'SQLSTATE[42S22]: Column not found: 1054 Unknown column 'q1' in 'where clause'' in /home/ubuntu/workspace/cst336/practice/p9/api/updateDB.php:26
Stack trace:
#0 /home/ubuntu/workspace/cst336/practice/p9/api/updateDB.php(26): PDOStatement->execute(Array)
#1 {main}
  thrown in /home/ubuntu/workspace/cst336/practice/p9/api/updateDB.php on line 26
[22-Apr-2019 19:53:58 UTC] PHP Fatal error:  Uncaught exception 'PDOException' with message 'SQLSTATE[42S22]: Column not found: 1054 Unknown column ''option1'' in 'field list'' in /home/ubuntu/workspace/cst336/practice/p9/api/updateDB.php:26
Stack trace:
#0 /home/ubuntu/workspace/cst336/practice/p9/api/updateDB.php(26): PDOStatement->execute(Array)
#1 {main}
  thrown in /home/ubuntu/workspace/cst336/practice/p9/api/updateDB.php on line 26
[22-Apr-2019 19:55:49 UTC] PHP Fatal error:  Uncaught exception 'PDOException' with message 'SQLSTATE[42S22]: Column not found: 1054 Unknown column ''option3'' in 'field list'' in /home/ubuntu/workspace/cst336/practice/p9/api/updateDB.php:26
Stack trace:
#0 /home/ubuntu/workspace/cst336/practice/p9/api/updateDB.php(26): PDOStatement->execute(Array)
#1 {main}
  thrown in /home/ubuntu/workspace/cst336/practice/p9/api/updateDB.php on line 26
[22-Apr-2019 20:01:27 UTC] PHP Fatal error:  Uncaught exception 'PDOException' with message 'SQLSTATE[42000]: Syntax error or access violation: 1064 You have an error in your SQL syntax; check the manual that corresponds to your MySQL server version for the right syntax to use near ''option3'  = '2' WHERE 1' at line 1' in /home/ubuntu/workspace/cst336/practice/p9/api/updateDB.php:27
Stack trace:
#0 /home/ubuntu/workspace/cst336/practice/p9/api/updateDB.php(27): PDOStatement->execute(Array)
#1 {main}
  thrown in /home/ubuntu/workspace/cst336/practice/p9/api/updateDB.php on line 27
[22-Apr-2019 20:02:27 UTC] PHP Fatal error:  Uncaught exception 'PDOException' with message 'SQLSTATE[42000]: Syntax error or access violation: 1064 You have an error in your SQL syntax; check the manual that corresponds to your MySQL server version for the right syntax to use near ''option3'  = '2' WHERE 1' at line 1' in /home/ubuntu/workspace/cst336/practice/p9/api/updateDB.php:27
Stack trace:
#0 /home/ubuntu/workspace/cst336/practice/p9/api/updateDB.php(27): PDOStatement->execute(Array)
#1 {main}
  thrown in /home/ubuntu/workspace/cst336/practice/p9/api/updateDB.php on line 27
[22-Apr-2019 20:02:37 UTC] PHP Fatal error:  Uncaught exception 'PDOException' with message 'SQLSTATE[42000]: Syntax error or access violation: 1064 You have an error in your SQL syntax; check the manual that corresponds to your MySQL server version for the right syntax to use near ''option3'  = '2' WHERE 1' at line 1' in /home/ubuntu/workspace/cst336/practice/p9/api/updateDB.php:27
Stack trace:
#0 /home/ubuntu/workspace/cst336/practice/p9/api/updateDB.php(27): PDOStatement->execute(Array)
#1 {main}
  thrown in /home/ubuntu/workspace/cst336/practice/p9/api/updateDB.php on line 27
[22-Apr-2019 20:04:36 UTC] PHP Fatal error:  Uncaught exception 'PDOException' with message 'SQLSTATE[42000]: Syntax error or access violation: 1064 You have an error in your SQL syntax; check the manual that corresponds to your MySQL server version for the right syntax to use near 'WHERE 1' at line 1' in /home/ubuntu/workspace/cst336/practice/p9/api/updateDB.php:28
Stack trace:
#0 /home/ubuntu/workspace/cst336/practice/p9/api/updateDB.php(28): PDOStatement->execute()
#1 {main}
  thrown in /home/ubuntu/workspace/cst336/practice/p9/api/updateDB.php on line 28
[22-Apr-2019 20:04:45 UTC] PHP Fatal error:  Uncaught exception 'PDOException' with message 'SQLSTATE[42000]: Syntax error or access violation: 1064 You have an error in your SQL syntax; check the manual that corresponds to your MySQL server version for the right syntax to use near 'WHERE 1' at line 1' in /home/ubuntu/workspace/cst336/practice/p9/api/updateDB.php:28
Stack trace:
#0 /home/ubuntu/workspace/cst336/practice/p9/api/updateDB.php(28): PDOStatement->execute()
#1 {main}
  thrown in /home/ubuntu/workspace/cst336/practice/p9/api/updateDB.php on line 28
[22-Apr-2019 20:05:22 UTC] PHP Fatal error:  Uncaught exception 'PDOException' with message 'SQLSTATE[42000]: Syntax error or access violation: 1064 You have an error in your SQL syntax; check the manual that corresponds to your MySQL server version for the right syntax to use near 'WHERE 1' at line 1' in /home/ubuntu/workspace/cst336/practice/p9/api/updateDB.php:28
Stack trace:
#0 /home/ubuntu/workspace/cst336/practice/p9/api/updateDB.php(28): PDOStatement->execute()
#1 {main}
  thrown in /home/ubuntu/workspace/cst336/practice/p9/api/updateDB.php on line 28
