[28-Mar-2019 23:32:12 UTC] PHP Parse error:  syntax error, unexpected '<' in /home/ubuntu/workspace/cst336/midterm/api/getQuestions.php on line 3
[28-Mar-2019 23:32:45 UTC] PHP Fatal error:  Uncaught exception 'PDOException' with message 'SQLSTATE[42S22]: Column not found: 1054 Unknown column 'catId' in 'field list'' in /home/ubuntu/workspace/cst336/midterm/api/getQuestions.php:10
Stack trace:
#0 /home/ubuntu/workspace/cst336/midterm/api/getQuestions.php(10): PDOStatement->execute()
#1 {main}
  thrown in /home/ubuntu/workspace/cst336/midterm/api/getQuestions.php on line 10
[28-Mar-2019 23:36:12 UTC] PHP Fatal error:  Uncaught exception 'PDOException' with message 'SQLSTATE[42S22]: Column not found: 1054 Unknown column 'catId' in 'field list'' in /home/ubuntu/workspace/cst336/midterm/api/getQuestions.php:10
Stack trace:
#0 /home/ubuntu/workspace/cst336/midterm/api/getQuestions.php(10): PDOStatement->execute()
#1 {main}
  thrown in /home/ubuntu/workspace/cst336/midterm/api/getQuestions.php on line 10
[28-Mar-2019 23:38:54 UTC] PHP Fatal error:  Uncaught exception 'PDOException' with message 'SQLSTATE[42S22]: Column not found: 1054 Unknown column 'catId' in 'field list'' in /home/ubuntu/workspace/cst336/midterm/api/getQuestions.php:10
Stack trace:
#0 /home/ubuntu/workspace/cst336/midterm/api/getQuestions.php(10): PDOStatement->execute()
#1 {main}
  thrown in /home/ubuntu/workspace/cst336/midterm/api/getQuestions.php on line 10
[28-Mar-2019 23:38:56 UTC] PHP Fatal error:  Uncaught exception 'PDOException' with message 'SQLSTATE[42S22]: Column not found: 1054 Unknown column 'catId' in 'field list'' in /home/ubuntu/workspace/cst336/midterm/api/getQuestions.php:10
Stack trace:
#0 /home/ubuntu/workspace/cst336/midterm/api/getQuestions.php(10): PDOStatement->execute()
#1 {main}
  thrown in /home/ubuntu/workspace/cst336/midterm/api/getQuestions.php on line 10
[28-Mar-2019 23:38:57 UTC] PHP Fatal error:  Uncaught exception 'PDOException' with message 'SQLSTATE[42S22]: Column not found: 1054 Unknown column 'catId' in 'field list'' in /home/ubuntu/workspace/cst336/midterm/api/getQuestions.php:10
Stack trace:
#0 /home/ubuntu/workspace/cst336/midterm/api/getQuestions.php(10): PDOStatement->execute()
#1 {main}
  thrown in /home/ubuntu/workspace/cst336/midterm/api/getQuestions.php on line 10
[28-Mar-2019 23:38:57 UTC] PHP Fatal error:  Uncaught exception 'PDOException' with message 'SQLSTATE[42S22]: Column not found: 1054 Unknown column 'catId' in 'field list'' in /home/ubuntu/workspace/cst336/midterm/api/getQuestions.php:10
Stack trace:
#0 /home/ubuntu/workspace/cst336/midterm/api/getQuestions.php(10): PDOStatement->execute()
#1 {main}
  thrown in /home/ubuntu/workspace/cst336/midterm/api/getQuestions.php on line 10
[28-Mar-2019 23:41:14 UTC] PHP Fatal error:  Uncaught exception 'PDOException' with message 'SQLSTATE[42S22]: Column not found: 1054 Unknown column 'RAND' in 'field list'' in /home/ubuntu/workspace/cst336/midterm/api/getQuestions.php:10
Stack trace:
#0 /home/ubuntu/workspace/cst336/midterm/api/getQuestions.php(10): PDOStatement->execute()
#1 {main}
  thrown in /home/ubuntu/workspace/cst336/midterm/api/getQuestions.php on line 10
[28-Mar-2019 23:41:19 UTC] PHP Fatal error:  Uncaught exception 'PDOException' with message 'SQLSTATE[42S22]: Column not found: 1054 Unknown column 'RAND' in 'field list'' in /home/ubuntu/workspace/cst336/midterm/api/getQuestions.php:10
Stack trace:
#0 /home/ubuntu/workspace/cst336/midterm/api/getQuestions.php(10): PDOStatement->execute()
#1 {main}
  thrown in /home/ubuntu/workspace/cst336/midterm/api/getQuestions.php on line 10
[28-Mar-2019 23:41:21 UTC] PHP Fatal error:  Uncaught exception 'PDOException' with message 'SQLSTATE[42S22]: Column not found: 1054 Unknown column 'RAND' in 'field list'' in /home/ubuntu/workspace/cst336/midterm/api/getQuestions.php:10
Stack trace:
#0 /home/ubuntu/workspace/cst336/midterm/api/getQuestions.php(10): PDOStatement->execute()
#1 {main}
  thrown in /home/ubuntu/workspace/cst336/midterm/api/getQuestions.php on line 10
[28-Mar-2019 23:55:44 UTC] PHP Fatal error:  Uncaught exception 'PDOException' with message 'SQLSTATE[42000]: Syntax error or access violation: 1064 You have an error in your SQL syntax; check the manual that corresponds to your MySQL server version for the right syntax to use near 'RAND()' at line 1' in /home/ubuntu/workspace/cst336/midterm/api/getQuestions.php:10
Stack trace:
#0 /home/ubuntu/workspace/cst336/midterm/api/getQuestions.php(10): PDOStatement->execute()
#1 {main}
  thrown in /home/ubuntu/workspace/cst336/midterm/api/getQuestions.php on line 10
